[debug] [2022-11-07T17:03:03.052Z] ----------------------------------------------------------------------
[debug] [2022-11-07T17:03:03.059Z] Command:       C:\Program Files\nodejs\node.exe C:\Users\yan.batista\AppData\Roaming\npm\node_modules\firebase-tools\lib\bin\firebase.js init
[debug] [2022-11-07T17:03:03.060Z] CLI Version:   11.16.0
[debug] [2022-11-07T17:03:03.061Z] Platform:      win32
[debug] [2022-11-07T17:03:03.061Z] Node Version:  v18.12.0
[debug] [2022-11-07T17:03:03.062Z] Time:          Mon Nov 07 2022 13:03:03 GMT-0400 (Amazon Standard Time)
[debug] [2022-11-07T17:03:03.062Z] ----------------------------------------------------------------------
[debug] 
[debug] [2022-11-07T17:03:03.081Z] > command requires scopes: ["email","openid","https://www.googleapis.com/auth/cloudplatformprojects.readonly","https://www.googleapis.com/auth/firebase","https://www.googleapis.com/auth/cloud-platform"]
[debug] [2022-11-07T17:03:03.082Z] > authorizing via signed-in user (yantutilabs@gmail.com)
[info] 
     ######## #### ########  ######## ########     ###     ######  ########
     ##        ##  ##     ## ##       ##     ##  ##   ##  ##       ##
     ######    ##  ########  ######   ########  #########  ######  ######
     ##        ##  ##    ##  ##       ##     ## ##     ##       ## ##
     ##       #### ##     ## ######## ########  ##     ##  ######  ########

You're about to initialize a Firebase project in this directory:

  C:\Users\yan.batista\Documents\Study Journey\react-w-pedroTech\maints

[info] 
=== Project Setup
[info] 
[info] First, let's associate this project directory with a Firebase project.
[info] You can create multiple project aliases by running firebase use --add, 
[info] but for now we'll just set up a default project.
[info] 
[debug] [2022-11-07T17:04:16.596Z] >>> [apiv2][query] GET https://firebase.googleapis.com/v1beta1/projects pageSize=100
[debug] [2022-11-07T17:04:17.650Z] <<< [apiv2][status] GET https://firebase.googleapis.com/v1beta1/projects 200
[debug] [2022-11-07T17:04:17.651Z] <<< [apiv2][body] GET https://firebase.googleapis.com/v1beta1/projects [omitted]
[info] i  Using project react-course-a169e (react-course) 
[info] 
=== Hosting Setup
[info] 
[info] Your public directory is the folder (relative to your project directory) that
[info] will contain Hosting assets to be uploaded with firebase deploy. If you
[info] have a build process for your assets, use your build's output directory.
[info] 
[info] +  Wrote public/404.html 
[debug] [2022-11-07T17:06:07.558Z] >>> [apiv2][query] GET https://www.gstatic.com/firebasejs/releases.json [none]
[debug] [2022-11-07T17:06:07.892Z] <<< [apiv2][status] GET https://www.gstatic.com/firebasejs/releases.json 200
[debug] [2022-11-07T17:06:07.893Z] <<< [apiv2][body] GET https://www.gstatic.com/firebasejs/releases.json {"current":{"version":"9.13.0","browserURL":"https://www.gstatic.com/firebasejs/9.13.0/firebase.js","packageURL":"https://www.gstatic.com/firebasejs/9.13.0/firebase.tgz"},"live":{"version":"9.13","browserURL":"https://www.gstatic.com/firebasejs/live/9.13/firebase.js","packageURL":"https://www.gstatic.com/firebasejs/live/9.13/firebase.tgz"},"components":{"analytics":"https://www.gstatic.com/firebasejs/9.13.0/firebase-analytics.js","app":"https://www.gstatic.com/firebasejs/9.13.0/firebase-app.js","app-check":"https://www.gstatic.com/firebasejs/9.13.0/firebase-app-check.js","auth":"https://www.gstatic.com/firebasejs/9.13.0/firebase-auth.js","auth/cordova":"https://www.gstatic.com/firebasejs/9.13.0/firebase-auth/cordova.js","auth/react-native":"https://www.gstatic.com/firebasejs/9.13.0/firebase-auth/react-native.js","functions":"https://www.gstatic.com/firebasejs/9.13.0/firebase-functions.js","firestore":"https://www.gstatic.com/firebasejs/9.13.0/firebase-firestore.js","firestore/lite":"https://www.gstatic.com/firebasejs/9.13.0/firebase-firestore/lite.js","installations":"https://www.gstatic.com/firebasejs/9.13.0/firebase-installations.js","storage":"https://www.gstatic.com/firebasejs/9.13.0/firebase-storage.js","performance":"https://www.gstatic.com/firebasejs/9.13.0/firebase-performance.js","remote-config":"https://www.gstatic.com/firebasejs/9.13.0/firebase-remote-config.js","messaging":"https://www.gstatic.com/firebasejs/9.13.0/firebase-messaging.js","messaging/sw":"https://www.gstatic.com/firebasejs/9.13.0/firebase-messaging/sw.js","database":"https://www.gstatic.com/firebasejs/9.13.0/firebase-database.js","firestore.memory":"https://www.gstatic.com/firebasejs/9.13.0/firebase-firestore.memory.js"}}
[info] i  Skipping write of public/index.html 
[info] 
[info] i  Detected a .git folder at C:\Users\yan.batista\Documents\Study Journey\react-w-pedroTech\maints 
[info] i  Authorizing with GitHub to upload your service account to a GitHub repository's secrets store. 
[info] 
[info] Visit this URL on this device to log in:
[info] https://github.com/login/oauth/authorize?client_id=89cf50f02ac6aaed3484&state=1042503103&redirect_uri=http%3A%2F%2Flocalhost%3A9005&scope=read%3Auser%20repo%20public_repo
[info] 
[info] Waiting for authentication...
[debug] [2022-11-07T17:06:37.637Z] >>> [apiv2][query] POST https://github.com/login/oauth/access_token [none]
[debug] [2022-11-07T17:06:37.638Z] >>> [apiv2][body] POST https://github.com/login/oauth/access_token [stream]
[debug] [2022-11-07T17:06:38.188Z] <<< [apiv2][status] POST https://github.com/login/oauth/access_token 200
[debug] [2022-11-07T17:06:38.189Z] <<< [apiv2][body] POST https://github.com/login/oauth/access_token {"access_token":"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","token_type":"bearer","scope":"read:user,repo"}
[debug] [2022-11-07T17:06:38.207Z] >>> [apiv2][query] GET https://api.github.com/user [none]
[debug] [2022-11-07T17:06:38.733Z] <<< [apiv2][status] GET https://api.github.com/user 200
[debug] [2022-11-07T17:06:38.734Z] <<< [apiv2][body] GET https://api.github.com/user {"login":"yan-levy","id":89747370,"node_id":"MDQ6VXNlcjg5NzQ3Mzcw","avatar_url":"https://avatars.githubusercontent.com/u/89747370?v=4","gravatar_id":"","url":"https://api.github.com/users/yan-levy","html_url":"https://github.com/yan-levy","followers_url":"https://api.github.com/users/yan-levy/followers","following_url":"https://api.github.com/users/yan-levy/following{/other_user}","gists_url":"https://api.github.com/users/yan-levy/gists{/gist_id}","starred_url":"https://api.github.com/users/yan-levy/starred{/owner}{/repo}","subscriptions_url":"https://api.github.com/users/yan-levy/subscriptions","organizations_url":"https://api.github.com/users/yan-levy/orgs","repos_url":"https://api.github.com/users/yan-levy/repos","events_url":"https://api.github.com/users/yan-levy/events{/privacy}","received_events_url":"https://api.github.com/users/yan-levy/received_events","type":"User","site_admin":false,"name":"yan-levy","company":null,"blog":"","location":null,"email":null,"hireable":true,"bio":null,"twitter_username":null,"public_repos":15,"public_gists":0,"followers":60,"following":13,"created_at":"2021-08-29T19:07:21Z","updated_at":"2022-08-29T17:08:38Z","private_gists":0,"total_private_repos":4,"owned_private_repos":4,"disk_usage":37913,"collaborators":0,"two_factor_authentication":false,"plan":{"name":"free","space":976562499,"collaborators":0,"private_repos":10000}}
[info] 
[info] +  Success! Logged into GitHub as yan-levy 
[info] 
